1729504309838|3|statement|connection 0|url jdbc:p6spy:postgresql://localhost:5432/postgres|SELECT version()|SELECT version()
1729504309850|1|statement|connection 0|url jdbc:p6spy:postgresql://localhost:5432/postgres|SHOW search_path|SHOW search_path
1729504309852|1|statement|connection 0|url jdbc:p6spy:postgresql://localhost:5432/postgres|SELECT CURRENT_USER|SELECT CURRENT_USER
1729504309853|1|statement|connection 0|url jdbc:p6spy:postgresql://localhost:5432/postgres|SELECT current_schema|SELECT current_schema
1729504309854|1|statement|connection 0|url jdbc:p6spy:postgresql://localhost:5432/postgres|SHOW search_path|SHOW search_path
1729504309856|1|statement|connection 0|url jdbc:p6spy:postgresql://localhost:5432/postgres|SELECT current_schema|SELECT current_schema
1729504309858|1|statement|connection 0|url jdbc:p6spy:postgresql://localhost:5432/postgres|SHOW search_path|SHOW search_path
1729504309860|1|statement|connection 0|url jdbc:p6spy:postgresql://localhost:5432/postgres|SELECT current_user|SELECT current_user
1729504309870|3|statement|connection 0|url jdbc:p6spy:postgresql://localhost:5432/postgres|SELECT COUNT(*) FROM pg_namespace WHERE nspname=?|SELECT COUNT(*) FROM pg_namespace WHERE nspname='public'
1729504309876|1|statement|connection 0|url jdbc:p6spy:postgresql://localhost:5432/postgres|SET ROLE 'postgres'|SET ROLE 'postgres'
1729504309878|1|statement|connection 0|url jdbc:p6spy:postgresql://localhost:5432/postgres|SELECT EXISTS (   SELECT 1   FROM   pg_catalog.pg_class c   JOIN   pg_catalog.pg_namespace n ON n.oid = c.relnamespace   WHERE  n.nspname = ?   AND    c.relname = ?   AND    c.relkind = 'r' )|SELECT EXISTS (   SELECT 1   FROM   pg_catalog.pg_class c   JOIN   pg_catalog.pg_namespace n ON n.oid = c.relnamespace   WHERE  n.nspname = 'public'   AND    c.relname = 'flyway_schema_history'   AND    c.relkind = 'r' )
1729504309886|2|statement|connection 0|url jdbc:p6spy:postgresql://localhost:5432/postgres|/*NO LOAD BALANCE*/ SELECT "installed_rank","version","description","type","script","checksum","installed_on","installed_by","execution_time","success" FROM "public"."flyway_schema_history" WHERE "installed_rank" > ? ORDER BY "installed_rank"|/*NO LOAD BALANCE*/ SELECT "installed_rank","version","description","type","script","checksum","installed_on","installed_by","execution_time","success" FROM "public"."flyway_schema_history" WHERE "installed_rank" > -1 ORDER BY "installed_rank"
1729504309889|1|commit|connection 0|url jdbc:p6spy:postgresql://localhost:5432/postgres||
1729504309895|1|statement|connection 0|url jdbc:p6spy:postgresql://localhost:5432/postgres|SELECT COUNT(*) FROM pg_namespace WHERE nspname=?|SELECT COUNT(*) FROM pg_namespace WHERE nspname='public'
1729504309897|1|commit|connection 0|url jdbc:p6spy:postgresql://localhost:5432/postgres||
1729504309898|0|statement|connection 0|url jdbc:p6spy:postgresql://localhost:5432/postgres|SET ROLE 'postgres'|SET ROLE 'postgres'
1729504309900|1|statement|connection 0|url jdbc:p6spy:postgresql://localhost:5432/postgres|SELECT EXISTS (   SELECT 1   FROM   pg_catalog.pg_class c   JOIN   pg_catalog.pg_namespace n ON n.oid = c.relnamespace   WHERE  n.nspname = ?   AND    c.relname = ?   AND    c.relkind = 'r' )|SELECT EXISTS (   SELECT 1   FROM   pg_catalog.pg_class c   JOIN   pg_catalog.pg_namespace n ON n.oid = c.relnamespace   WHERE  n.nspname = 'public'   AND    c.relname = 'flyway_schema_history'   AND    c.relkind = 'r' )
1729504309930|1|statement|connection 1|url jdbc:p6spy:postgresql://localhost:5432/postgres|SHOW search_path|SHOW search_path
1729504309931|1|statement|connection 1|url jdbc:p6spy:postgresql://localhost:5432/postgres|SELECT CURRENT_USER|SELECT CURRENT_USER
1729504309933|1|statement|connection 0|url jdbc:p6spy:postgresql://localhost:5432/postgres|SET ROLE 'postgres'|SET ROLE 'postgres'
1729504309936|1|statement|connection 0|url jdbc:p6spy:postgresql://localhost:5432/postgres|SELECT pg_try_advisory_xact_lock(77433833903597)|SELECT pg_try_advisory_xact_lock(77433833903597)
1729504309938|1|statement|connection 0|url jdbc:p6spy:postgresql://localhost:5432/postgres|SET ROLE 'postgres'|SET ROLE 'postgres'
1729504309939|1|statement|connection 0|url jdbc:p6spy:postgresql://localhost:5432/postgres|SELECT EXISTS (   SELECT 1   FROM   pg_catalog.pg_class c   JOIN   pg_catalog.pg_namespace n ON n.oid = c.relnamespace   WHERE  n.nspname = ?   AND    c.relname = ?   AND    c.relkind = 'r' )|SELECT EXISTS (   SELECT 1   FROM   pg_catalog.pg_class c   JOIN   pg_catalog.pg_namespace n ON n.oid = c.relnamespace   WHERE  n.nspname = 'public'   AND    c.relname = 'flyway_schema_history'   AND    c.relkind = 'r' )
1729504309941|1|statement|connection 0|url jdbc:p6spy:postgresql://localhost:5432/postgres|/*NO LOAD BALANCE*/ SELECT "installed_rank","version","description","type","script","checksum","installed_on","installed_by","execution_time","success" FROM "public"."flyway_schema_history" WHERE "installed_rank" > ? ORDER BY "installed_rank"|/*NO LOAD BALANCE*/ SELECT "installed_rank","version","description","type","script","checksum","installed_on","installed_by","execution_time","success" FROM "public"."flyway_schema_history" WHERE "installed_rank" > -1 ORDER BY "installed_rank"
1729504309943|1|commit|connection 0|url jdbc:p6spy:postgresql://localhost:5432/postgres||
1729504309947|1|statement|connection 1|url jdbc:p6spy:postgresql://localhost:5432/postgres|SET ROLE 'postgres'|SET ROLE 'postgres'
1729504309948|1|statement|connection 1|url jdbc:p6spy:postgresql://localhost:5432/postgres|SELECT set_config('search_path', ?, false)|SELECT set_config('search_path', '"$user", public', false)
1729504309950|1|commit|connection 1|url jdbc:p6spy:postgresql://localhost:5432/postgres||
1729504309957|1|statement|connection 0|url jdbc:p6spy:postgresql://localhost:5432/postgres|SET ROLE 'postgres'|SET ROLE 'postgres'
1729504309958|1|statement|connection 0|url jdbc:p6spy:postgresql://localhost:5432/postgres|SELECT set_config('search_path', ?, false)|SELECT set_config('search_path', '"$user", public', false)
1729504309959|1|commit|connection 0|url jdbc:p6spy:postgresql://localhost:5432/postgres||
1729504310456|1|statement|connection 0|url jdbc:p6spy:postgresql://localhost:5432/postgres|select version()|select version()
1729504310663|2|statement|connection 0|url jdbc:p6spy:postgresql://localhost:5432/postgres|select * from information_schema.sequences|select * from information_schema.sequences
1729504311304|1|statement|connection 0|url jdbc:p6spy:postgresql://localhost:5432/postgres|select * from information_schema.sequences|select * from information_schema.sequences
1729504311344|2|statement|connection 0|url jdbc:p6spy:postgresql://localhost:5432/postgres|select * from "public"."role" where 1=0|select * from "public"."role" where 1=0
1729504341770|1|statement|connection 0|url jdbc:p6spy:postgresql://localhost:5432/postgres|select a1_0.id,a1_0.address,a1_0.created_by,a1_0.created_date,a1_0.date_of_birth,a1_0.delete_yn,a1_0.description,a1_0.email,a1_0.full_name,a1_0.modified_by,a1_0.modified_date,a1_0.password,a1_0.phone,a1_0.profile_image,a1_0.role_id,a1_0.use_yn,a1_0.username from account a1_0 where a1_0.username=?|select a1_0.id,a1_0.address,a1_0.created_by,a1_0.created_date,a1_0.date_of_birth,a1_0.delete_yn,a1_0.description,a1_0.email,a1_0.full_name,a1_0.modified_by,a1_0.modified_date,a1_0.password,a1_0.phone,a1_0.profile_image,a1_0.role_id,a1_0.use_yn,a1_0.username from account a1_0 where a1_0.username='tuan'
1729504341780|2|statement|connection 0|url jdbc:p6spy:postgresql://localhost:5432/postgres|select r1_0.role_id,r1_0.description,r1_0.role_name from role r1_0 where r1_0.role_id=?|select r1_0.role_id,r1_0.description,r1_0.role_name from role r1_0 where r1_0.role_id=2
1729504341946|1|statement|connection 0|url jdbc:p6spy:postgresql://localhost:5432/postgres|select a1_0.id,a1_0.address,a1_0.created_by,a1_0.created_date,a1_0.date_of_birth,a1_0.delete_yn,a1_0.description,a1_0.email,a1_0.full_name,a1_0.modified_by,a1_0.modified_date,a1_0.password,a1_0.phone,a1_0.profile_image,a1_0.role_id,a1_0.use_yn,a1_0.username from account a1_0 where a1_0.username=?|select a1_0.id,a1_0.address,a1_0.created_by,a1_0.created_date,a1_0.date_of_birth,a1_0.delete_yn,a1_0.description,a1_0.email,a1_0.full_name,a1_0.modified_by,a1_0.modified_date,a1_0.password,a1_0.phone,a1_0.profile_image,a1_0.role_id,a1_0.use_yn,a1_0.username from account a1_0 where a1_0.username='tuan'
1729504398709|1|statement|connection 10|url jdbc:p6spy:postgresql://localhost:5432/postgres|SELECT version()|SELECT version()
1729504398710|0|statement|connection 10|url jdbc:p6spy:postgresql://localhost:5432/postgres|SHOW search_path|SHOW search_path
1729504398712|1|statement|connection 10|url jdbc:p6spy:postgresql://localhost:5432/postgres|SELECT CURRENT_USER|SELECT CURRENT_USER
1729504398714|1|statement|connection 10|url jdbc:p6spy:postgresql://localhost:5432/postgres|SELECT current_schema|SELECT current_schema
1729504398715|1|statement|connection 10|url jdbc:p6spy:postgresql://localhost:5432/postgres|SHOW search_path|SHOW search_path
1729504398716|0|statement|connection 10|url jdbc:p6spy:postgresql://localhost:5432/postgres|SELECT current_schema|SELECT current_schema
1729504398717|0|statement|connection 10|url jdbc:p6spy:postgresql://localhost:5432/postgres|SHOW search_path|SHOW search_path
1729504398718|1|statement|connection 10|url jdbc:p6spy:postgresql://localhost:5432/postgres|SELECT current_user|SELECT current_user
1729504398721|2|statement|connection 10|url jdbc:p6spy:postgresql://localhost:5432/postgres|SELECT COUNT(*) FROM pg_namespace WHERE nspname=?|SELECT COUNT(*) FROM pg_namespace WHERE nspname='public'
1729504398723|1|statement|connection 10|url jdbc:p6spy:postgresql://localhost:5432/postgres|SET ROLE 'postgres'|SET ROLE 'postgres'
1729504398724|1|statement|connection 10|url jdbc:p6spy:postgresql://localhost:5432/postgres|SELECT EXISTS (   SELECT 1   FROM   pg_catalog.pg_class c   JOIN   pg_catalog.pg_namespace n ON n.oid = c.relnamespace   WHERE  n.nspname = ?   AND    c.relname = ?   AND    c.relkind = 'r' )|SELECT EXISTS (   SELECT 1   FROM   pg_catalog.pg_class c   JOIN   pg_catalog.pg_namespace n ON n.oid = c.relnamespace   WHERE  n.nspname = 'public'   AND    c.relname = 'flyway_schema_history'   AND    c.relkind = 'r' )
1729504398726|1|statement|connection 10|url jdbc:p6spy:postgresql://localhost:5432/postgres|/*NO LOAD BALANCE*/ SELECT "installed_rank","version","description","type","script","checksum","installed_on","installed_by","execution_time","success" FROM "public"."flyway_schema_history" WHERE "installed_rank" > ? ORDER BY "installed_rank"|/*NO LOAD BALANCE*/ SELECT "installed_rank","version","description","type","script","checksum","installed_on","installed_by","execution_time","success" FROM "public"."flyway_schema_history" WHERE "installed_rank" > -1 ORDER BY "installed_rank"
1729504398728|1|commit|connection 10|url jdbc:p6spy:postgresql://localhost:5432/postgres||
1729504398730|1|statement|connection 10|url jdbc:p6spy:postgresql://localhost:5432/postgres|SELECT COUNT(*) FROM pg_namespace WHERE nspname=?|SELECT COUNT(*) FROM pg_namespace WHERE nspname='public'
1729504398732|0|commit|connection 10|url jdbc:p6spy:postgresql://localhost:5432/postgres||
1729504398733|0|statement|connection 10|url jdbc:p6spy:postgresql://localhost:5432/postgres|SET ROLE 'postgres'|SET ROLE 'postgres'
1729504398734|1|statement|connection 10|url jdbc:p6spy:postgresql://localhost:5432/postgres|SELECT EXISTS (   SELECT 1   FROM   pg_catalog.pg_class c   JOIN   pg_catalog.pg_namespace n ON n.oid = c.relnamespace   WHERE  n.nspname = ?   AND    c.relname = ?   AND    c.relkind = 'r' )|SELECT EXISTS (   SELECT 1   FROM   pg_catalog.pg_class c   JOIN   pg_catalog.pg_namespace n ON n.oid = c.relnamespace   WHERE  n.nspname = 'public'   AND    c.relname = 'flyway_schema_history'   AND    c.relkind = 'r' )
1729504398757|1|statement|connection 11|url jdbc:p6spy:postgresql://localhost:5432/postgres|SHOW search_path|SHOW search_path
1729504398758|1|statement|connection 11|url jdbc:p6spy:postgresql://localhost:5432/postgres|SELECT CURRENT_USER|SELECT CURRENT_USER
1729504398760|0|statement|connection 10|url jdbc:p6spy:postgresql://localhost:5432/postgres|SET ROLE 'postgres'|SET ROLE 'postgres'
1729504398761|1|statement|connection 10|url jdbc:p6spy:postgresql://localhost:5432/postgres|SELECT pg_try_advisory_xact_lock(77433833903597)|SELECT pg_try_advisory_xact_lock(77433833903597)
1729504398762|1|statement|connection 10|url jdbc:p6spy:postgresql://localhost:5432/postgres|SET ROLE 'postgres'|SET ROLE 'postgres'
1729504398764|1|statement|connection 10|url jdbc:p6spy:postgresql://localhost:5432/postgres|SELECT EXISTS (   SELECT 1   FROM   pg_catalog.pg_class c   JOIN   pg_catalog.pg_namespace n ON n.oid = c.relnamespace   WHERE  n.nspname = ?   AND    c.relname = ?   AND    c.relkind = 'r' )|SELECT EXISTS (   SELECT 1   FROM   pg_catalog.pg_class c   JOIN   pg_catalog.pg_namespace n ON n.oid = c.relnamespace   WHERE  n.nspname = 'public'   AND    c.relname = 'flyway_schema_history'   AND    c.relkind = 'r' )
1729504398766|1|statement|connection 10|url jdbc:p6spy:postgresql://localhost:5432/postgres|/*NO LOAD BALANCE*/ SELECT "installed_rank","version","description","type","script","checksum","installed_on","installed_by","execution_time","success" FROM "public"."flyway_schema_history" WHERE "installed_rank" > ? ORDER BY "installed_rank"|/*NO LOAD BALANCE*/ SELECT "installed_rank","version","description","type","script","checksum","installed_on","installed_by","execution_time","success" FROM "public"."flyway_schema_history" WHERE "installed_rank" > -1 ORDER BY "installed_rank"
1729504398767|0|commit|connection 10|url jdbc:p6spy:postgresql://localhost:5432/postgres||
1729504398768|1|statement|connection 11|url jdbc:p6spy:postgresql://localhost:5432/postgres|SET ROLE 'postgres'|SET ROLE 'postgres'
1729504398771|1|statement|connection 11|url jdbc:p6spy:postgresql://localhost:5432/postgres|SELECT set_config('search_path', ?, false)|SELECT set_config('search_path', '"$user", public', false)
1729504398772|1|commit|connection 11|url jdbc:p6spy:postgresql://localhost:5432/postgres||
1729504398773|0|statement|connection 10|url jdbc:p6spy:postgresql://localhost:5432/postgres|SET ROLE 'postgres'|SET ROLE 'postgres'
1729504398774|1|statement|connection 10|url jdbc:p6spy:postgresql://localhost:5432/postgres|SELECT set_config('search_path', ?, false)|SELECT set_config('search_path', '"$user", public', false)
1729504398775|0|commit|connection 10|url jdbc:p6spy:postgresql://localhost:5432/postgres||
1729504398812|1|statement|connection 10|url jdbc:p6spy:postgresql://localhost:5432/postgres|select version()|select version()
1729504398833|3|statement|connection 10|url jdbc:p6spy:postgresql://localhost:5432/postgres|select * from information_schema.sequences|select * from information_schema.sequences
1729504398891|2|statement|connection 10|url jdbc:p6spy:postgresql://localhost:5432/postgres|select * from information_schema.sequences|select * from information_schema.sequences
1729504398923|1|statement|connection 10|url jdbc:p6spy:postgresql://localhost:5432/postgres|select * from "public"."role" where 1=0|select * from "public"."role" where 1=0
1729504425595|1|statement|connection 20|url jdbc:p6spy:postgresql://localhost:5432/postgres|SELECT version()|SELECT version()
1729504425596|1|statement|connection 20|url jdbc:p6spy:postgresql://localhost:5432/postgres|SHOW search_path|SHOW search_path
1729504425597|1|statement|connection 20|url jdbc:p6spy:postgresql://localhost:5432/postgres|SELECT CURRENT_USER|SELECT CURRENT_USER
1729504425598|1|statement|connection 20|url jdbc:p6spy:postgresql://localhost:5432/postgres|SELECT current_schema|SELECT current_schema
1729504425599|0|statement|connection 20|url jdbc:p6spy:postgresql://localhost:5432/postgres|SHOW search_path|SHOW search_path
1729504425601|1|statement|connection 20|url jdbc:p6spy:postgresql://localhost:5432/postgres|SELECT current_schema|SELECT current_schema
1729504425603|1|statement|connection 20|url jdbc:p6spy:postgresql://localhost:5432/postgres|SHOW search_path|SHOW search_path
1729504425604|1|statement|connection 20|url jdbc:p6spy:postgresql://localhost:5432/postgres|SELECT current_user|SELECT current_user
1729504425607|2|statement|connection 20|url jdbc:p6spy:postgresql://localhost:5432/postgres|SELECT COUNT(*) FROM pg_namespace WHERE nspname=?|SELECT COUNT(*) FROM pg_namespace WHERE nspname='public'
1729504425609|1|statement|connection 20|url jdbc:p6spy:postgresql://localhost:5432/postgres|SET ROLE 'postgres'|SET ROLE 'postgres'
1729504425612|2|statement|connection 20|url jdbc:p6spy:postgresql://localhost:5432/postgres|SELECT EXISTS (   SELECT 1   FROM   pg_catalog.pg_class c   JOIN   pg_catalog.pg_namespace n ON n.oid = c.relnamespace   WHERE  n.nspname = ?   AND    c.relname = ?   AND    c.relkind = 'r' )|SELECT EXISTS (   SELECT 1   FROM   pg_catalog.pg_class c   JOIN   pg_catalog.pg_namespace n ON n.oid = c.relnamespace   WHERE  n.nspname = 'public'   AND    c.relname = 'flyway_schema_history'   AND    c.relkind = 'r' )
1729504425614|1|statement|connection 20|url jdbc:p6spy:postgresql://localhost:5432/postgres|/*NO LOAD BALANCE*/ SELECT "installed_rank","version","description","type","script","checksum","installed_on","installed_by","execution_time","success" FROM "public"."flyway_schema_history" WHERE "installed_rank" > ? ORDER BY "installed_rank"|/*NO LOAD BALANCE*/ SELECT "installed_rank","version","description","type","script","checksum","installed_on","installed_by","execution_time","success" FROM "public"."flyway_schema_history" WHERE "installed_rank" > -1 ORDER BY "installed_rank"
1729504425616|1|commit|connection 20|url jdbc:p6spy:postgresql://localhost:5432/postgres||
1729504425617|1|statement|connection 20|url jdbc:p6spy:postgresql://localhost:5432/postgres|SELECT COUNT(*) FROM pg_namespace WHERE nspname=?|SELECT COUNT(*) FROM pg_namespace WHERE nspname='public'
1729504425619|1|commit|connection 20|url jdbc:p6spy:postgresql://localhost:5432/postgres||
1729504425620|1|statement|connection 20|url jdbc:p6spy:postgresql://localhost:5432/postgres|SET ROLE 'postgres'|SET ROLE 'postgres'
1729504425622|1|statement|connection 20|url jdbc:p6spy:postgresql://localhost:5432/postgres|SELECT EXISTS (   SELECT 1   FROM   pg_catalog.pg_class c   JOIN   pg_catalog.pg_namespace n ON n.oid = c.relnamespace   WHERE  n.nspname = ?   AND    c.relname = ?   AND    c.relkind = 'r' )|SELECT EXISTS (   SELECT 1   FROM   pg_catalog.pg_class c   JOIN   pg_catalog.pg_namespace n ON n.oid = c.relnamespace   WHERE  n.nspname = 'public'   AND    c.relname = 'flyway_schema_history'   AND    c.relkind = 'r' )
1729504425643|1|statement|connection 21|url jdbc:p6spy:postgresql://localhost:5432/postgres|SHOW search_path|SHOW search_path
1729504425645|1|statement|connection 21|url jdbc:p6spy:postgresql://localhost:5432/postgres|SELECT CURRENT_USER|SELECT CURRENT_USER
1729504425646|1|statement|connection 20|url jdbc:p6spy:postgresql://localhost:5432/postgres|SET ROLE 'postgres'|SET ROLE 'postgres'
1729504425648|1|statement|connection 20|url jdbc:p6spy:postgresql://localhost:5432/postgres|SELECT pg_try_advisory_xact_lock(77433833903597)|SELECT pg_try_advisory_xact_lock(77433833903597)
1729504425649|1|statement|connection 20|url jdbc:p6spy:postgresql://localhost:5432/postgres|SET ROLE 'postgres'|SET ROLE 'postgres'
1729504425651|1|statement|connection 20|url jdbc:p6spy:postgresql://localhost:5432/postgres|SELECT EXISTS (   SELECT 1   FROM   pg_catalog.pg_class c   JOIN   pg_catalog.pg_namespace n ON n.oid = c.relnamespace   WHERE  n.nspname = ?   AND    c.relname = ?   AND    c.relkind = 'r' )|SELECT EXISTS (   SELECT 1   FROM   pg_catalog.pg_class c   JOIN   pg_catalog.pg_namespace n ON n.oid = c.relnamespace   WHERE  n.nspname = 'public'   AND    c.relname = 'flyway_schema_history'   AND    c.relkind = 'r' )
1729504425652|1|statement|connection 20|url jdbc:p6spy:postgresql://localhost:5432/postgres|/*NO LOAD BALANCE*/ SELECT "installed_rank","version","description","type","script","checksum","installed_on","installed_by","execution_time","success" FROM "public"."flyway_schema_history" WHERE "installed_rank" > ? ORDER BY "installed_rank"|/*NO LOAD BALANCE*/ SELECT "installed_rank","version","description","type","script","checksum","installed_on","installed_by","execution_time","success" FROM "public"."flyway_schema_history" WHERE "installed_rank" > -1 ORDER BY "installed_rank"
1729504425653|0|commit|connection 20|url jdbc:p6spy:postgresql://localhost:5432/postgres||
1729504425655|0|statement|connection 21|url jdbc:p6spy:postgresql://localhost:5432/postgres|SET ROLE 'postgres'|SET ROLE 'postgres'
1729504425656|1|statement|connection 21|url jdbc:p6spy:postgresql://localhost:5432/postgres|SELECT set_config('search_path', ?, false)|SELECT set_config('search_path', '"$user", public', false)
1729504425657|0|commit|connection 21|url jdbc:p6spy:postgresql://localhost:5432/postgres||
1729504425659|1|statement|connection 20|url jdbc:p6spy:postgresql://localhost:5432/postgres|SET ROLE 'postgres'|SET ROLE 'postgres'
1729504425661|1|statement|connection 20|url jdbc:p6spy:postgresql://localhost:5432/postgres|SELECT set_config('search_path', ?, false)|SELECT set_config('search_path', '"$user", public', false)
1729504425662|1|commit|connection 20|url jdbc:p6spy:postgresql://localhost:5432/postgres||
1729504425689|1|statement|connection 20|url jdbc:p6spy:postgresql://localhost:5432/postgres|select version()|select version()
1729504425708|2|statement|connection 20|url jdbc:p6spy:postgresql://localhost:5432/postgres|select * from information_schema.sequences|select * from information_schema.sequences
1729504425758|1|statement|connection 20|url jdbc:p6spy:postgresql://localhost:5432/postgres|select * from information_schema.sequences|select * from information_schema.sequences
1729504425784|1|statement|connection 20|url jdbc:p6spy:postgresql://localhost:5432/postgres|select * from "public"."role" where 1=0|select * from "public"."role" where 1=0
1729504537152|4|statement|connection 0|url jdbc:p6spy:postgresql://localhost:5432/postgres|SELECT version()|SELECT version()
1729504537164|1|statement|connection 0|url jdbc:p6spy:postgresql://localhost:5432/postgres|SHOW search_path|SHOW search_path
1729504537166|1|statement|connection 0|url jdbc:p6spy:postgresql://localhost:5432/postgres|SELECT CURRENT_USER|SELECT CURRENT_USER
1729504537167|1|statement|connection 0|url jdbc:p6spy:postgresql://localhost:5432/postgres|SELECT current_schema|SELECT current_schema
1729504537168|1|statement|connection 0|url jdbc:p6spy:postgresql://localhost:5432/postgres|SHOW search_path|SHOW search_path
1729504537171|1|statement|connection 0|url jdbc:p6spy:postgresql://localhost:5432/postgres|SELECT current_schema|SELECT current_schema
1729504537172|0|statement|connection 0|url jdbc:p6spy:postgresql://localhost:5432/postgres|SHOW search_path|SHOW search_path
1729504537173|1|statement|connection 0|url jdbc:p6spy:postgresql://localhost:5432/postgres|SELECT current_user|SELECT current_user
1729504537183|2|statement|connection 0|url jdbc:p6spy:postgresql://localhost:5432/postgres|SELECT COUNT(*) FROM pg_namespace WHERE nspname=?|SELECT COUNT(*) FROM pg_namespace WHERE nspname='public'
1729504537189|2|statement|connection 0|url jdbc:p6spy:postgresql://localhost:5432/postgres|SET ROLE 'postgres'|SET ROLE 'postgres'
1729504537192|2|statement|connection 0|url jdbc:p6spy:postgresql://localhost:5432/postgres|SELECT EXISTS (   SELECT 1   FROM   pg_catalog.pg_class c   JOIN   pg_catalog.pg_namespace n ON n.oid = c.relnamespace   WHERE  n.nspname = ?   AND    c.relname = ?   AND    c.relkind = 'r' )|SELECT EXISTS (   SELECT 1   FROM   pg_catalog.pg_class c   JOIN   pg_catalog.pg_namespace n ON n.oid = c.relnamespace   WHERE  n.nspname = 'public'   AND    c.relname = 'flyway_schema_history'   AND    c.relkind = 'r' )
1729504537200|2|statement|connection 0|url jdbc:p6spy:postgresql://localhost:5432/postgres|/*NO LOAD BALANCE*/ SELECT "installed_rank","version","description","type","script","checksum","installed_on","installed_by","execution_time","success" FROM "public"."flyway_schema_history" WHERE "installed_rank" > ? ORDER BY "installed_rank"|/*NO LOAD BALANCE*/ SELECT "installed_rank","version","description","type","script","checksum","installed_on","installed_by","execution_time","success" FROM "public"."flyway_schema_history" WHERE "installed_rank" > -1 ORDER BY "installed_rank"
1729504537203|1|commit|connection 0|url jdbc:p6spy:postgresql://localhost:5432/postgres||
1729504537208|1|statement|connection 0|url jdbc:p6spy:postgresql://localhost:5432/postgres|SELECT COUNT(*) FROM pg_namespace WHERE nspname=?|SELECT COUNT(*) FROM pg_namespace WHERE nspname='public'
1729504537210|1|commit|connection 0|url jdbc:p6spy:postgresql://localhost:5432/postgres||
1729504537212|1|statement|connection 0|url jdbc:p6spy:postgresql://localhost:5432/postgres|SET ROLE 'postgres'|SET ROLE 'postgres'
1729504537213|1|statement|connection 0|url jdbc:p6spy:postgresql://localhost:5432/postgres|SELECT EXISTS (   SELECT 1   FROM   pg_catalog.pg_class c   JOIN   pg_catalog.pg_namespace n ON n.oid = c.relnamespace   WHERE  n.nspname = ?   AND    c.relname = ?   AND    c.relkind = 'r' )|SELECT EXISTS (   SELECT 1   FROM   pg_catalog.pg_class c   JOIN   pg_catalog.pg_namespace n ON n.oid = c.relnamespace   WHERE  n.nspname = 'public'   AND    c.relname = 'flyway_schema_history'   AND    c.relkind = 'r' )
1729504537240|1|statement|connection 1|url jdbc:p6spy:postgresql://localhost:5432/postgres|SHOW search_path|SHOW search_path
1729504537241|1|statement|connection 1|url jdbc:p6spy:postgresql://localhost:5432/postgres|SELECT CURRENT_USER|SELECT CURRENT_USER
1729504537243|1|statement|connection 0|url jdbc:p6spy:postgresql://localhost:5432/postgres|SET ROLE 'postgres'|SET ROLE 'postgres'
1729504537247|1|statement|connection 0|url jdbc:p6spy:postgresql://localhost:5432/postgres|SELECT pg_try_advisory_xact_lock(77433833903597)|SELECT pg_try_advisory_xact_lock(77433833903597)
1729504537249|1|statement|connection 0|url jdbc:p6spy:postgresql://localhost:5432/postgres|SET ROLE 'postgres'|SET ROLE 'postgres'
1729504537251|1|statement|connection 0|url jdbc:p6spy:postgresql://localhost:5432/postgres|SELECT EXISTS (   SELECT 1   FROM   pg_catalog.pg_class c   JOIN   pg_catalog.pg_namespace n ON n.oid = c.relnamespace   WHERE  n.nspname = ?   AND    c.relname = ?   AND    c.relkind = 'r' )|SELECT EXISTS (   SELECT 1   FROM   pg_catalog.pg_class c   JOIN   pg_catalog.pg_namespace n ON n.oid = c.relnamespace   WHERE  n.nspname = 'public'   AND    c.relname = 'flyway_schema_history'   AND    c.relkind = 'r' )
1729504537253|1|statement|connection 0|url jdbc:p6spy:postgresql://localhost:5432/postgres|/*NO LOAD BALANCE*/ SELECT "installed_rank","version","description","type","script","checksum","installed_on","installed_by","execution_time","success" FROM "public"."flyway_schema_history" WHERE "installed_rank" > ? ORDER BY "installed_rank"|/*NO LOAD BALANCE*/ SELECT "installed_rank","version","description","type","script","checksum","installed_on","installed_by","execution_time","success" FROM "public"."flyway_schema_history" WHERE "installed_rank" > -1 ORDER BY "installed_rank"
1729504537255|1|commit|connection 0|url jdbc:p6spy:postgresql://localhost:5432/postgres||
1729504537258|1|statement|connection 1|url jdbc:p6spy:postgresql://localhost:5432/postgres|SET ROLE 'postgres'|SET ROLE 'postgres'
1729504537260|1|statement|connection 1|url jdbc:p6spy:postgresql://localhost:5432/postgres|SELECT set_config('search_path', ?, false)|SELECT set_config('search_path', '"$user", public', false)
1729504537261|0|commit|connection 1|url jdbc:p6spy:postgresql://localhost:5432/postgres||
1729504537266|1|statement|connection 0|url jdbc:p6spy:postgresql://localhost:5432/postgres|SET ROLE 'postgres'|SET ROLE 'postgres'
1729504537268|1|statement|connection 0|url jdbc:p6spy:postgresql://localhost:5432/postgres|SELECT set_config('search_path', ?, false)|SELECT set_config('search_path', '"$user", public', false)
1729504537269|0|commit|connection 0|url jdbc:p6spy:postgresql://localhost:5432/postgres||
1729504537660|1|statement|connection 0|url jdbc:p6spy:postgresql://localhost:5432/postgres|select version()|select version()
1729504537841|3|statement|connection 0|url jdbc:p6spy:postgresql://localhost:5432/postgres|select * from information_schema.sequences|select * from information_schema.sequences
1729504538433|1|statement|connection 0|url jdbc:p6spy:postgresql://localhost:5432/postgres|select * from information_schema.sequences|select * from information_schema.sequences
1729504538480|1|statement|connection 0|url jdbc:p6spy:postgresql://localhost:5432/postgres|select * from "public"."role" where 1=0|select * from "public"."role" where 1=0
1729504550600|2|statement|connection 0|url jdbc:p6spy:postgresql://localhost:5432/postgres|select a1_0.id,a1_0.address,a1_0.created_by,a1_0.created_date,a1_0.date_of_birth,a1_0.delete_yn,a1_0.description,a1_0.email,a1_0.full_name,a1_0.modified_by,a1_0.modified_date,a1_0.password,a1_0.phone,a1_0.profile_image,a1_0.role_id,a1_0.use_yn,a1_0.username from account a1_0 where a1_0.username=?|select a1_0.id,a1_0.address,a1_0.created_by,a1_0.created_date,a1_0.date_of_birth,a1_0.delete_yn,a1_0.description,a1_0.email,a1_0.full_name,a1_0.modified_by,a1_0.modified_date,a1_0.password,a1_0.phone,a1_0.profile_image,a1_0.role_id,a1_0.use_yn,a1_0.username from account a1_0 where a1_0.username='tuan'
1729504550609|1|statement|connection 0|url jdbc:p6spy:postgresql://localhost:5432/postgres|select r1_0.role_id,r1_0.description,r1_0.role_name from role r1_0 where r1_0.role_id=?|select r1_0.role_id,r1_0.description,r1_0.role_name from role r1_0 where r1_0.role_id=2
1729504550782|2|statement|connection 0|url jdbc:p6spy:postgresql://localhost:5432/postgres|select a1_0.id,a1_0.address,a1_0.created_by,a1_0.created_date,a1_0.date_of_birth,a1_0.delete_yn,a1_0.description,a1_0.email,a1_0.full_name,a1_0.modified_by,a1_0.modified_date,a1_0.password,a1_0.phone,a1_0.profile_image,a1_0.role_id,a1_0.use_yn,a1_0.username from account a1_0 where a1_0.username=?|select a1_0.id,a1_0.address,a1_0.created_by,a1_0.created_date,a1_0.date_of_birth,a1_0.delete_yn,a1_0.description,a1_0.email,a1_0.full_name,a1_0.modified_by,a1_0.modified_date,a1_0.password,a1_0.phone,a1_0.profile_image,a1_0.role_id,a1_0.use_yn,a1_0.username from account a1_0 where a1_0.username='tuan'
1729504680986|1|statement|connection 10|url jdbc:p6spy:postgresql://localhost:5432/postgres|SELECT version()|SELECT version()
1729504680987|1|statement|connection 10|url jdbc:p6spy:postgresql://localhost:5432/postgres|SHOW search_path|SHOW search_path
1729504680989|1|statement|connection 10|url jdbc:p6spy:postgresql://localhost:5432/postgres|SELECT CURRENT_USER|SELECT CURRENT_USER
1729504680990|1|statement|connection 10|url jdbc:p6spy:postgresql://localhost:5432/postgres|SELECT current_schema|SELECT current_schema
1729504680992|1|statement|connection 10|url jdbc:p6spy:postgresql://localhost:5432/postgres|SHOW search_path|SHOW search_path
1729504680993|1|statement|connection 10|url jdbc:p6spy:postgresql://localhost:5432/postgres|SELECT current_schema|SELECT current_schema
1729504680994|1|statement|connection 10|url jdbc:p6spy:postgresql://localhost:5432/postgres|SHOW search_path|SHOW search_path
1729504680996|1|statement|connection 10|url jdbc:p6spy:postgresql://localhost:5432/postgres|SELECT current_user|SELECT current_user
1729504680999|2|statement|connection 10|url jdbc:p6spy:postgresql://localhost:5432/postgres|SELECT COUNT(*) FROM pg_namespace WHERE nspname=?|SELECT COUNT(*) FROM pg_namespace WHERE nspname='public'
1729504681000|1|statement|connection 10|url jdbc:p6spy:postgresql://localhost:5432/postgres|SET ROLE 'postgres'|SET ROLE 'postgres'
1729504681003|2|statement|connection 10|url jdbc:p6spy:postgresql://localhost:5432/postgres|SELECT EXISTS (   SELECT 1   FROM   pg_catalog.pg_class c   JOIN   pg_catalog.pg_namespace n ON n.oid = c.relnamespace   WHERE  n.nspname = ?   AND    c.relname = ?   AND    c.relkind = 'r' )|SELECT EXISTS (   SELECT 1   FROM   pg_catalog.pg_class c   JOIN   pg_catalog.pg_namespace n ON n.oid = c.relnamespace   WHERE  n.nspname = 'public'   AND    c.relname = 'flyway_schema_history'   AND    c.relkind = 'r' )
1729504681005|1|statement|connection 10|url jdbc:p6spy:postgresql://localhost:5432/postgres|/*NO LOAD BALANCE*/ SELECT "installed_rank","version","description","type","script","checksum","installed_on","installed_by","execution_time","success" FROM "public"."flyway_schema_history" WHERE "installed_rank" > ? ORDER BY "installed_rank"|/*NO LOAD BALANCE*/ SELECT "installed_rank","version","description","type","script","checksum","installed_on","installed_by","execution_time","success" FROM "public"."flyway_schema_history" WHERE "installed_rank" > -1 ORDER BY "installed_rank"
1729504681006|0|commit|connection 10|url jdbc:p6spy:postgresql://localhost:5432/postgres||
1729504681008|1|statement|connection 10|url jdbc:p6spy:postgresql://localhost:5432/postgres|SELECT COUNT(*) FROM pg_namespace WHERE nspname=?|SELECT COUNT(*) FROM pg_namespace WHERE nspname='public'
1729504681010|1|commit|connection 10|url jdbc:p6spy:postgresql://localhost:5432/postgres||
1729504681011|1|statement|connection 10|url jdbc:p6spy:postgresql://localhost:5432/postgres|SET ROLE 'postgres'|SET ROLE 'postgres'
1729504681013|1|statement|connection 10|url jdbc:p6spy:postgresql://localhost:5432/postgres|SELECT EXISTS (   SELECT 1   FROM   pg_catalog.pg_class c   JOIN   pg_catalog.pg_namespace n ON n.oid = c.relnamespace   WHERE  n.nspname = ?   AND    c.relname = ?   AND    c.relkind = 'r' )|SELECT EXISTS (   SELECT 1   FROM   pg_catalog.pg_class c   JOIN   pg_catalog.pg_namespace n ON n.oid = c.relnamespace   WHERE  n.nspname = 'public'   AND    c.relname = 'flyway_schema_history'   AND    c.relkind = 'r' )
1729504681034|1|statement|connection 11|url jdbc:p6spy:postgresql://localhost:5432/postgres|SHOW search_path|SHOW search_path
1729504681036|1|statement|connection 11|url jdbc:p6spy:postgresql://localhost:5432/postgres|SELECT CURRENT_USER|SELECT CURRENT_USER
1729504681037|1|statement|connection 10|url jdbc:p6spy:postgresql://localhost:5432/postgres|SET ROLE 'postgres'|SET ROLE 'postgres'
1729504681039|1|statement|connection 10|url jdbc:p6spy:postgresql://localhost:5432/postgres|SELECT pg_try_advisory_xact_lock(77433833903597)|SELECT pg_try_advisory_xact_lock(77433833903597)
1729504681040|1|statement|connection 10|url jdbc:p6spy:postgresql://localhost:5432/postgres|SET ROLE 'postgres'|SET ROLE 'postgres'
1729504681041|1|statement|connection 10|url jdbc:p6spy:postgresql://localhost:5432/postgres|SELECT EXISTS (   SELECT 1   FROM   pg_catalog.pg_class c   JOIN   pg_catalog.pg_namespace n ON n.oid = c.relnamespace   WHERE  n.nspname = ?   AND    c.relname = ?   AND    c.relkind = 'r' )|SELECT EXISTS (   SELECT 1   FROM   pg_catalog.pg_class c   JOIN   pg_catalog.pg_namespace n ON n.oid = c.relnamespace   WHERE  n.nspname = 'public'   AND    c.relname = 'flyway_schema_history'   AND    c.relkind = 'r' )
1729504681043|1|statement|connection 10|url jdbc:p6spy:postgresql://localhost:5432/postgres|/*NO LOAD BALANCE*/ SELECT "installed_rank","version","description","type","script","checksum","installed_on","installed_by","execution_time","success" FROM "public"."flyway_schema_history" WHERE "installed_rank" > ? ORDER BY "installed_rank"|/*NO LOAD BALANCE*/ SELECT "installed_rank","version","description","type","script","checksum","installed_on","installed_by","execution_time","success" FROM "public"."flyway_schema_history" WHERE "installed_rank" > -1 ORDER BY "installed_rank"
1729504681044|1|commit|connection 10|url jdbc:p6spy:postgresql://localhost:5432/postgres||
1729504681046|1|statement|connection 11|url jdbc:p6spy:postgresql://localhost:5432/postgres|SET ROLE 'postgres'|SET ROLE 'postgres'
1729504681047|1|statement|connection 11|url jdbc:p6spy:postgresql://localhost:5432/postgres|SELECT set_config('search_path', ?, false)|SELECT set_config('search_path', '"$user", public', false)
1729504681048|0|commit|connection 11|url jdbc:p6spy:postgresql://localhost:5432/postgres||
1729504681050|1|statement|connection 10|url jdbc:p6spy:postgresql://localhost:5432/postgres|SET ROLE 'postgres'|SET ROLE 'postgres'
1729504681051|1|statement|connection 10|url jdbc:p6spy:postgresql://localhost:5432/postgres|SELECT set_config('search_path', ?, false)|SELECT set_config('search_path', '"$user", public', false)
1729504681052|0|commit|connection 10|url jdbc:p6spy:postgresql://localhost:5432/postgres||
1729504681090|1|statement|connection 10|url jdbc:p6spy:postgresql://localhost:5432/postgres|select version()|select version()
1729504681111|2|statement|connection 10|url jdbc:p6spy:postgresql://localhost:5432/postgres|select * from information_schema.sequences|select * from information_schema.sequences
1729504681168|2|statement|connection 10|url jdbc:p6spy:postgresql://localhost:5432/postgres|select * from information_schema.sequences|select * from information_schema.sequences
1729504681193|1|statement|connection 10|url jdbc:p6spy:postgresql://localhost:5432/postgres|select * from "public"."role" where 1=0|select * from "public"."role" where 1=0
1729504722529|1|statement|connection 10|url jdbc:p6spy:postgresql://localhost:5432/postgres|select a1_0.id,a1_0.address,a1_0.created_by,a1_0.created_date,a1_0.date_of_birth,a1_0.delete_yn,a1_0.description,a1_0.email,a1_0.full_name,a1_0.modified_by,a1_0.modified_date,a1_0.password,a1_0.phone,a1_0.profile_image,a1_0.role_id,a1_0.use_yn,a1_0.username from account a1_0 where a1_0.username=?|select a1_0.id,a1_0.address,a1_0.created_by,a1_0.created_date,a1_0.date_of_birth,a1_0.delete_yn,a1_0.description,a1_0.email,a1_0.full_name,a1_0.modified_by,a1_0.modified_date,a1_0.password,a1_0.phone,a1_0.profile_image,a1_0.role_id,a1_0.use_yn,a1_0.username from account a1_0 where a1_0.username='tuan'
1729504722531|1|statement|connection 10|url jdbc:p6spy:postgresql://localhost:5432/postgres|select r1_0.role_id,r1_0.description,r1_0.role_name from role r1_0 where r1_0.role_id=?|select r1_0.role_id,r1_0.description,r1_0.role_name from role r1_0 where r1_0.role_id=2
1729504722680|1|statement|connection 10|url jdbc:p6spy:postgresql://localhost:5432/postgres|select a1_0.id,a1_0.address,a1_0.created_by,a1_0.created_date,a1_0.date_of_birth,a1_0.delete_yn,a1_0.description,a1_0.email,a1_0.full_name,a1_0.modified_by,a1_0.modified_date,a1_0.password,a1_0.phone,a1_0.profile_image,a1_0.role_id,a1_0.use_yn,a1_0.username from account a1_0 where a1_0.username=?|select a1_0.id,a1_0.address,a1_0.created_by,a1_0.created_date,a1_0.date_of_birth,a1_0.delete_yn,a1_0.description,a1_0.email,a1_0.full_name,a1_0.modified_by,a1_0.modified_date,a1_0.password,a1_0.phone,a1_0.profile_image,a1_0.role_id,a1_0.use_yn,a1_0.username from account a1_0 where a1_0.username='tuan'
1729504735095|2|statement|connection 10|url jdbc:p6spy:postgresql://localhost:5432/postgres|select a1_0.id,a1_0.address,a1_0.created_by,a1_0.created_date,a1_0.date_of_birth,a1_0.delete_yn,a1_0.description,a1_0.email,a1_0.full_name,a1_0.modified_by,a1_0.modified_date,a1_0.password,a1_0.phone,a1_0.profile_image,a1_0.role_id,a1_0.use_yn,a1_0.username from account a1_0 where a1_0.username=?|select a1_0.id,a1_0.address,a1_0.created_by,a1_0.created_date,a1_0.date_of_birth,a1_0.delete_yn,a1_0.description,a1_0.email,a1_0.full_name,a1_0.modified_by,a1_0.modified_date,a1_0.password,a1_0.phone,a1_0.profile_image,a1_0.role_id,a1_0.use_yn,a1_0.username from account a1_0 where a1_0.username='tuan'
1729504735098|1|statement|connection 10|url jdbc:p6spy:postgresql://localhost:5432/postgres|select r1_0.role_id,r1_0.description,r1_0.role_name from role r1_0 where r1_0.role_id=?|select r1_0.role_id,r1_0.description,r1_0.role_name from role r1_0 where r1_0.role_id=2
1729504735174|1|statement|connection 10|url jdbc:p6spy:postgresql://localhost:5432/postgres|select a1_0.id,a1_0.address,a1_0.created_by,a1_0.created_date,a1_0.date_of_birth,a1_0.delete_yn,a1_0.description,a1_0.email,a1_0.full_name,a1_0.modified_by,a1_0.modified_date,a1_0.password,a1_0.phone,a1_0.profile_image,a1_0.role_id,a1_0.use_yn,a1_0.username from account a1_0 where a1_0.username=?|select a1_0.id,a1_0.address,a1_0.created_by,a1_0.created_date,a1_0.date_of_birth,a1_0.delete_yn,a1_0.description,a1_0.email,a1_0.full_name,a1_0.modified_by,a1_0.modified_date,a1_0.password,a1_0.phone,a1_0.profile_image,a1_0.role_id,a1_0.use_yn,a1_0.username from account a1_0 where a1_0.username='tuan'
1729504751917|1|statement|connection 10|url jdbc:p6spy:postgresql://localhost:5432/postgres|select a1_0.id,a1_0.address,a1_0.created_by,a1_0.created_date,a1_0.date_of_birth,a1_0.delete_yn,a1_0.description,a1_0.email,a1_0.full_name,a1_0.modified_by,a1_0.modified_date,a1_0.password,a1_0.phone,a1_0.profile_image,a1_0.role_id,a1_0.use_yn,a1_0.username from account a1_0 where a1_0.username=?|select a1_0.id,a1_0.address,a1_0.created_by,a1_0.created_date,a1_0.date_of_birth,a1_0.delete_yn,a1_0.description,a1_0.email,a1_0.full_name,a1_0.modified_by,a1_0.modified_date,a1_0.password,a1_0.phone,a1_0.profile_image,a1_0.role_id,a1_0.use_yn,a1_0.username from account a1_0 where a1_0.username='tuan'
1729504751919|1|statement|connection 10|url jdbc:p6spy:postgresql://localhost:5432/postgres|select r1_0.role_id,r1_0.description,r1_0.role_name from role r1_0 where r1_0.role_id=?|select r1_0.role_id,r1_0.description,r1_0.role_name from role r1_0 where r1_0.role_id=2
1729504752002|1|statement|connection 10|url jdbc:p6spy:postgresql://localhost:5432/postgres|select a1_0.id,a1_0.address,a1_0.created_by,a1_0.created_date,a1_0.date_of_birth,a1_0.delete_yn,a1_0.description,a1_0.email,a1_0.full_name,a1_0.modified_by,a1_0.modified_date,a1_0.password,a1_0.phone,a1_0.profile_image,a1_0.role_id,a1_0.use_yn,a1_0.username from account a1_0 where a1_0.username=?|select a1_0.id,a1_0.address,a1_0.created_by,a1_0.created_date,a1_0.date_of_birth,a1_0.delete_yn,a1_0.description,a1_0.email,a1_0.full_name,a1_0.modified_by,a1_0.modified_date,a1_0.password,a1_0.phone,a1_0.profile_image,a1_0.role_id,a1_0.use_yn,a1_0.username from account a1_0 where a1_0.username='tuan'
